<?xml version="1.0" encoding="UTF-8"?>
<!-- Generated by org.testng.reporters.JUnitReportReporter -->
<testsuite hostname="DESKTOP-0A6ACNM" failures="0" tests="1" name="com.leafBot.testcases.TC001_LoginLogOut" time="8.746" errors="0" timestamp="2022-04-12T10:01:21 IST" skipped="0">
  <testcase classname="com.leafBot.testcases.TC001_LoginLogOut" name="createLeaf" time="8.746"/>
  <system-out/>
</testsuite> <!-- com.leafBot.testcases.TC001_LoginLogOut -->
