<?xml version="1.0" encoding="UTF-8"?>
<!-- Generated by org.testng.reporters.JUnitReportReporter -->
<testsuite hostname="DESKTOP-0A6ACNM" failures="0" tests="2" name="com.leafBot.testcases.TC003_CreateLead" time="59.604" errors="0" timestamp="2022-04-12T08:21:42 IST" skipped="0">
  <testcase classname="com.leafBot.testcases.TC003_CreateLead" name="createLead" time="33.242"/>
  <system-out/>
  <testcase classname="com.leafBot.testcases.TC003_CreateLead" name="createLead" time="26.362"/>
  <system-out/>
</testsuite> <!-- com.leafBot.testcases.TC003_CreateLead -->
